INFO: maestro [game_client] initializing...
INFO: SendMessage [MAESTROMESSAGETYPE_GAMECLIENT_LAUNCHED]
INFO: maestro [game_client] initializing...
INFO: SendMessage [MAESTROMESSAGETYPE_GAMECLIENT_LAUNCHED]
INFO: maestro [game_client] initializing...
INFO: SendMessage [MAESTROMESSAGETYPE_GAMECLIENT_LAUNCHED]
INFO: maestro [game_client] initializing...
INFO: SendMessage [MAESTROMESSAGETYPE_GAMECLIENT_LAUNCHED]
INFO: maestro [game_client] initializing...
INFO: [MaestroClient_Start] The operation completed successfully.
ERROR: Unable to connect to server.
ERROR: Cannot send messages when the MessageAgent isn't started.
INFO: maestro [game_client] initializing...
INFO: [MaestroClient_Start] The operation completed successfully.
ERROR: Unable to connect to server.
ERROR: Cannot send messages when the MessageAgent isn't started.
INFO: maestro [game_client] initializing...
INFO: [MaestroClient_Start] The operation completed successfully.
ERROR: Unable to connect to server.
ERROR: Cannot send messages when the MessageAgent isn't started.
INFO: maestro [game_client] initializing...
INFO: [MaestroClient_Start] The operation completed successfully.
ERROR: Unable to connect to server.
ERROR: Cannot send messages when the MessageAgent isn't started.
INFO: maestro [game_client] initializing...
INFO: [MaestroClient_Start] The operation completed successfully.
ERROR: Unable to connect to server.
ERROR: Cannot send messages when the MessageAgent isn't started.
INFO: maestro [game_client] initializing...
INFO: [MaestroClient_Start] The operation completed successfully.
ERROR: Unable to connect to server.
ERROR: Cannot send messages when the MessageAgent isn't started.
INFO: maestro [game_client] initializing...
INFO: [MaestroClient_Start] The operation completed successfully.
ERROR: Unable to connect to server.
ERROR: Cannot send messages when the MessageAgent isn't started.
