League of Legends caused ACCESS_VIOLATION in module League of Legends

Read from location 00000000 caused an access violation.

User Information:
    User Name: Aleesa
    Computer Name: ALEESA-PC

System Information:
    4 processor(s), type 586.
    55% of memory in use.
    3981M total physical memory.
    1773M free physical memory.
    11673M total paging file.
    8572M free paging file.
    2047M total virtual memory.
    1830M free virtual memory.

Process Memory:
    1832M free.
      29M reserved.
     185M commited.
    Largest free block is 1368M.

    PageFaultCount: 23117
    PeakWorkingSetSize: 39M
    WorkingSetSize: 39M
    QuotaPeakPagedPoolUsage: 0M
    QuotaPagedPoolUsage: 0M
    QuotaPeakNonPagedPoolUsage: 0M
    QuotaNonPagedPoolUsage: 0M
    PagefileUsage: 97M
    PeakPagefileUsage: 101M

